2023-10-06 06:57:51,513 [INFO] Activator:176 - 


2023-10-06 06:57:51,518 [INFO] Activator:177 - !SESSION log4j initialized
2023-10-06 06:57:57,860 [INFO] LogOutputStream:77 - [STDOUT_REDIRECT] 
2023-10-06 06:58:06,961 [INFO] ApplicationProperties:184 - Using Application install path: /opt/st/stm32cubeide_1.13.1/plugins/com.st.stm32cube.common.mx_6.9.1.202307191849
2023-10-06 06:58:07,046 [INFO] DbMcusXml:78 - Set database path to: /opt/st/stm32cubeide_1.13.1/plugins/com.st.stm32cube.common.mx_6.9.1.202307191849//db//mcu/
2023-10-06 06:58:07,051 [INFO] ApiDb:274 - Set plugin database path to: /opt/st/stm32cubeide_1.13.1/plugins/com.st.stm32cube.common.mx_6.9.1.202307191849//db//plugins/boardmanager/
2023-10-06 06:58:07,053 [WARN] ApiDb:259 - Overriding images path with different value:  => /opt/st/stm32cubeide_1.13.1/plugins/com.st.stm32cube.common.mx_6.9.1.202307191849//db//plugins/mcufinder/images/
2023-10-06 06:58:07,102 [INFO] ApiDb:250 - Set database path to: /home/karim/.stmcufinder/plugins/mcufinder//mcu/
2023-10-06 06:58:07,109 [INFO] DbMcusAds:125 - Set database path to: /home/karim/.stmcufinder/plugins/mcufinder//mcu/
2023-10-06 06:58:07,120 [INFO] CrossReferenceDbSqlite:203 - Set database path to: /home/karim/.stmcufinder/plugins/mcufinder//mcu/cs/
2023-10-06 06:58:07,948 [INFO] RulesReader:64 - Compatibility file has been processed (293 Rules)
2023-10-06 06:58:08,198 [INFO] DbMcusXml:78 - Set database path to: /opt/st/stm32cubeide_1.13.1/plugins/com.st.stm32cube.common.mx_6.9.1.202307191849//db//mcu/
2023-10-06 06:58:08,198 [INFO] ApiDb:274 - Set plugin database path to: /opt/st/stm32cubeide_1.13.1/plugins/com.st.stm32cube.common.mx_6.9.1.202307191849//db//plugins/boardmanager/
2023-10-06 06:58:08,199 [INFO] ApiDb:261 - Set plugin images path to: /opt/st/stm32cubeide_1.13.1/plugins/com.st.stm32cube.common.mx_6.9.1.202307191849//db//plugins/mcufinder/images/
2023-10-06 06:58:08,200 [WARN] DbFile:41 - Overriding database path with different value: /home/karim/.stmcufinder/plugins/mcufinder/ => /home/karim/.stmcufinder/plugins/mcufinder
2023-10-06 06:58:08,201 [INFO] ApiDb:250 - Set database path to: /home/karim/.stmcufinder/plugins/mcufinder//mcu/
2023-10-06 06:58:08,201 [WARN] DbFile:41 - Overriding database path with different value: /home/karim/.stmcufinder/plugins/mcufinder/ => /home/karim/.stmcufinder/plugins/mcufinder
2023-10-06 06:58:08,202 [INFO] DbMcusAds:125 - Set database path to: /home/karim/.stmcufinder/plugins/mcufinder//mcu/
2023-10-06 06:58:08,202 [WARN] DbFile:41 - Overriding database path with different value: /home/karim/.stmcufinder/plugins/mcufinder/ => /home/karim/.stmcufinder/plugins/mcufinder
2023-10-06 06:58:08,203 [WARN] DbFile:41 - Overriding database path with different value: /home/karim/.stmcufinder/plugins/mcufinder/ => /home/karim/.stmcufinder/plugins/mcufinder
2023-10-06 06:58:08,203 [INFO] CrossReferenceDbSqlite:203 - Set database path to: /home/karim/.stmcufinder/plugins/mcufinder//mcu/cs/
2023-10-06 06:58:08,483 [INFO] MainPanel:262 - HeapMemory: 268435456
2023-10-06 06:58:08,954 [INFO] DbMcusXml:78 - Set database path to: /opt/st/stm32cubeide_1.13.1/plugins/com.st.stm32cube.common.mx_6.9.1.202307191849//db//mcu/
2023-10-06 06:58:08,954 [INFO] ApiDb:274 - Set plugin database path to: /opt/st/stm32cubeide_1.13.1/plugins/com.st.stm32cube.common.mx_6.9.1.202307191849//db//plugins/boardmanager/
2023-10-06 06:58:08,956 [INFO] ApiDb:261 - Set plugin images path to: /opt/st/stm32cubeide_1.13.1/plugins/com.st.stm32cube.common.mx_6.9.1.202307191849//db//plugins/mcufinder/images/
2023-10-06 06:58:08,958 [WARN] DbFile:41 - Overriding database path with different value: /home/karim/.stmcufinder/plugins/mcufinder/ => /home/karim/.stmcufinder/plugins/mcufinder
2023-10-06 06:58:08,963 [INFO] ApiDb:250 - Set database path to: /home/karim/.stmcufinder/plugins/mcufinder//mcu/
2023-10-06 06:58:08,964 [WARN] DbFile:41 - Overriding database path with different value: /home/karim/.stmcufinder/plugins/mcufinder/ => /home/karim/.stmcufinder/plugins/mcufinder
2023-10-06 06:58:08,965 [INFO] DbMcusAds:125 - Set database path to: /home/karim/.stmcufinder/plugins/mcufinder//mcu/
2023-10-06 06:58:08,965 [WARN] DbFile:41 - Overriding database path with different value: /home/karim/.stmcufinder/plugins/mcufinder/ => /home/karim/.stmcufinder/plugins/mcufinder
2023-10-06 06:58:08,966 [WARN] DbFile:41 - Overriding database path with different value: /home/karim/.stmcufinder/plugins/mcufinder/ => /home/karim/.stmcufinder/plugins/mcufinder
2023-10-06 06:58:09,166 [INFO] CrossReferenceDbSqlite:203 - Set database path to: /home/karim/.stmcufinder/plugins/mcufinder//mcu/cs/
2023-10-06 06:58:09,227 [INFO] ApplicationProperties:184 - Using Application install path: /opt/st/stm32cubeide_1.13.1/plugins/com.st.stm32cube.common.mx_6.9.1.202307191849
2023-10-06 06:58:09,233 [INFO] PluginManage:196 - Search for loadable plugins [exclusion list=, ]
2023-10-06 06:58:09,237 [INFO] PluginManage:310 - Check plugin analytics
2023-10-06 06:58:09,936 [INFO] AnalyticsPlugin:253 - Accepted Software Licenses: 
2023-10-06 06:58:09,937 [INFO] AnalyticsPlugin:255 - Accepted CMSIS Pack Licenses: 
2023-10-06 06:58:09,937 [INFO] AnalyticsPlugin:257 - Accepted Firmware Licenses: FW.F4.1.27.0
2023-10-06 06:58:09,968 [INFO] PluginManage:359 - Loaded plugin analytics (category:tool,tabindex:-1)
2023-10-06 06:58:09,969 [INFO] PluginManage:310 - Check plugin cadmodel
2023-10-06 06:58:10,206 [INFO] CADModel:105 - Init CAD model plugin
2023-10-06 06:58:10,208 [INFO] PluginManage:359 - Loaded plugin cadmodel (category:power,tabindex:5)
2023-10-06 06:58:10,209 [INFO] PluginManage:310 - Check plugin clock
2023-10-06 06:58:10,250 [INFO] PluginManage:359 - Loaded plugin clock (category:base,tabindex:2)
2023-10-06 06:58:10,251 [INFO] PluginManage:310 - Check plugin ddr
2023-10-06 06:58:10,269 [INFO] PluginManage:359 - Loaded plugin ddr (category:tool,tabindex:6)
2023-10-06 06:58:10,270 [INFO] PluginManage:310 - Check plugin filemanager
2023-10-06 06:58:10,870 [INFO] PluginManage:359 - Loaded plugin filemanager (category:base,tabindex:10)
2023-10-06 06:58:10,871 [INFO] PluginManage:310 - Check plugin ipmanager
2023-10-06 06:58:10,899 [INFO] PluginManage:359 - Loaded plugin ipmanager (category:base,tabindex:5)
2023-10-06 06:58:10,900 [INFO] PluginManage:310 - Check plugin lpbam
2023-10-06 06:58:10,951 [INFO] PluginManage:359 - Loaded plugin lpbam (category:base,tabindex:0)
2023-10-06 06:58:10,952 [INFO] PluginManage:310 - Check plugin memorymap
2023-10-06 06:58:11,001 [INFO] PluginManage:359 - Loaded plugin memorymap (category:base,tabindex:4)
2023-10-06 06:58:11,002 [INFO] PluginManage:310 - Check plugin pinoutandconfiguration
2023-10-06 06:58:11,032 [INFO] PluginManage:359 - Loaded plugin pinoutandconfiguration (category:base,tabindex:1)
2023-10-06 06:58:11,033 [INFO] PluginManage:310 - Check plugin pinoutconfig
2023-10-06 06:58:11,469 [WARN] SupportedApi:132 - Cannot load RTOS API schema: s4s-elt-must-match.1: The content of 'definitions' must match (annotation?, (simpleType | complexType)?, (unique | key | keyref)*)). A problem was found starting at: attribute.
2023-10-06 06:58:12,019 [INFO] PluginManage:359 - Loaded plugin pinoutconfig (category:base,tabindex:0)
2023-10-06 06:58:12,020 [INFO] PluginManage:310 - Check plugin power
2023-10-06 06:58:12,057 [INFO] PluginManage:359 - Loaded plugin power (category:power,tabindex:4)
2023-10-06 06:58:12,058 [INFO] PluginManage:310 - Check plugin projectmanager
2023-10-06 06:58:12,115 [INFO] PluginManage:359 - Loaded plugin projectmanager (category:projectmanager,tabindex:3)
2023-10-06 06:58:12,116 [INFO] PluginManage:310 - Check plugin thirdparty
2023-10-06 06:58:12,754 [INFO] PluginManage:359 - Loaded plugin thirdparty (category:base,tabindex:-1)
2023-10-06 06:58:12,755 [INFO] PluginManage:310 - Check plugin tools
2023-10-06 06:58:12,781 [INFO] PluginManage:359 - Loaded plugin tools (category:base,tabindex:7)
2023-10-06 06:58:12,783 [WARN] IntegrityCheckThread:84 - waiting for thirdparty lock release [integrity check]
2023-10-06 06:58:12,784 [INFO] IntegrityCheckThread:86 - entering critical section [integrity check]
2023-10-06 06:58:12,786 [INFO] ThirdPartyUpdaterWithRetryManager:70 - Updater plugin not ready yet. [1/15]
2023-10-06 06:58:12,782 [INFO] PluginManage:310 - Check plugin tutovideos
2023-10-06 06:58:13,549 [INFO] PluginManage:359 - Loaded plugin tutovideos (category:base,tabindex:-1)
2023-10-06 06:58:13,550 [INFO] PluginManage:310 - Check plugin updater
2023-10-06 06:58:13,585 [INFO] PluginManage:359 - Loaded plugin updater (category:base,tabindex:12)
2023-10-06 06:58:13,586 [INFO] PluginManage:310 - Check plugin userauth
2023-10-06 06:58:13,601 [INFO] UserAuth:113 - Init User Auth plugin
2023-10-06 06:58:13,602 [INFO] PluginManage:359 - Loaded plugin userauth (category:base,tabindex:14)
2023-10-06 06:58:13,605 [INFO] PluginManage:283 - PluginManage : Loaded plugins [17]
2023-10-06 06:58:14,520 [INFO] PinOutPanel:1499 - setPackage(No Configuration,No Configuration)
2023-10-06 06:58:14,861 [INFO] CADModel:165 - CPN selected for project level
2023-10-06 06:58:14,862 [INFO] CADModel:114 - Register for checkConnection events
2023-10-06 06:58:14,901 [INFO] IPUIPlugin:80 - create IPUIPlugin
2023-10-06 06:58:14,904 [INFO] PluginManager:220 - loadIPPluginJar : add mdma
2023-10-06 06:58:14,924 [INFO] IPUIPlugin:80 - create IPUIPlugin
2023-10-06 06:58:14,924 [INFO] PluginManager:220 - loadIPPluginJar : add aes
2023-10-06 06:58:14,935 [INFO] IPUIPlugin:80 - create IPUIPlugin
2023-10-06 06:58:14,936 [INFO] PluginManager:220 - loadIPPluginJar : add openamp
2023-10-06 06:58:14,953 [INFO] IPUIPlugin:80 - create IPUIPlugin
2023-10-06 06:58:14,954 [INFO] PluginManager:220 - loadIPPluginJar : add gic
2023-10-06 06:58:14,960 [INFO] IPUIPlugin:80 - create IPUIPlugin
2023-10-06 06:58:14,961 [INFO] PluginManager:220 - loadIPPluginJar : add tim
2023-10-06 06:58:14,972 [INFO] IPUIPlugin:80 - create IPUIPlugin
2023-10-06 06:58:14,972 [INFO] PluginManager:220 - loadIPPluginJar : add sai
2023-10-06 06:58:14,993 [INFO] IPUIPlugin:80 - create IPUIPlugin
2023-10-06 06:58:14,994 [INFO] PluginManager:220 - loadIPPluginJar : add linkedlist
2023-10-06 06:58:15,008 [INFO] IPUIPlugin:80 - create IPUIPlugin
2023-10-06 06:58:15,009 [INFO] PluginManager:220 - loadIPPluginJar : add resmgrutility
2023-10-06 06:58:15,028 [INFO] IPUIPlugin:80 - create IPUIPlugin
2023-10-06 06:58:15,028 [INFO] PluginManager:220 - loadIPPluginJar : add adc
2023-10-06 06:58:15,033 [INFO] IPUIPlugin:80 - create IPUIPlugin
2023-10-06 06:58:15,034 [INFO] PluginManager:220 - loadIPPluginJar : add comp
2023-10-06 06:58:15,043 [INFO] IPUIPlugin:80 - create IPUIPlugin
2023-10-06 06:58:15,044 [INFO] PluginManager:220 - loadIPPluginJar : add lorawan
2023-10-06 06:58:15,053 [INFO] IPUIPlugin:80 - create IPUIPlugin
2023-10-06 06:58:15,054 [INFO] PluginManager:220 - loadIPPluginJar : add usart
2023-10-06 06:58:15,063 [INFO] IPUIPlugin:80 - create IPUIPlugin
2023-10-06 06:58:15,064 [INFO] PluginManager:220 - loadIPPluginJar : add i2c
2023-10-06 06:58:15,072 [INFO] IPUIPlugin:80 - create IPUIPlugin
2023-10-06 06:58:15,073 [INFO] PluginManager:220 - loadIPPluginJar : add dfsdm
2023-10-06 06:58:15,081 [INFO] IPUIPlugin:80 - create IPUIPlugin
2023-10-06 06:58:15,082 [INFO] PluginManager:220 - loadIPPluginJar : add cryp
2023-10-06 06:58:15,090 [INFO] IPUIPlugin:80 - create IPUIPlugin
2023-10-06 06:58:15,091 [INFO] PluginManager:220 - loadIPPluginJar : add hash
2023-10-06 06:58:15,099 [INFO] IPUIPlugin:80 - create IPUIPlugin
2023-10-06 06:58:15,100 [INFO] PluginManager:220 - loadIPPluginJar : add usbx
2023-10-06 06:58:15,112 [INFO] IPUIPlugin:80 - create IPUIPlugin
2023-10-06 06:58:15,113 [INFO] PluginManager:220 - loadIPPluginJar : add gfxmmu
2023-10-06 06:58:15,119 [INFO] IPUIPlugin:80 - create IPUIPlugin
2023-10-06 06:58:15,122 [INFO] PluginManager:220 - loadIPPluginJar : add ucpd
2023-10-06 06:58:15,129 [INFO] IPUIPlugin:80 - create IPUIPlugin
2023-10-06 06:58:15,129 [INFO] PluginManager:220 - loadIPPluginJar : add ltdc
2023-10-06 06:58:15,142 [INFO] IPUIPlugin:80 - create IPUIPlugin
2023-10-06 06:58:15,143 [INFO] PluginManager:220 - loadIPPluginJar : add fmc
2023-10-06 06:58:15,149 [INFO] IPUIPlugin:80 - create IPUIPlugin
2023-10-06 06:58:15,150 [INFO] PluginManager:220 - loadIPPluginJar : add tracer_emb
2023-10-06 06:58:15,168 [INFO] IPUIPlugin:80 - create IPUIPlugin
2023-10-06 06:58:15,168 [INFO] PluginManager:220 - loadIPPluginJar : add stm32_wpan
2023-10-06 06:58:15,174 [INFO] IPUIPlugin:80 - create IPUIPlugin
2023-10-06 06:58:15,175 [INFO] PluginManager:220 - loadIPPluginJar : add quadspi
2023-10-06 06:58:15,184 [INFO] IPUIPlugin:80 - create IPUIPlugin
2023-10-06 06:58:15,186 [INFO] PluginManager:220 - loadIPPluginJar : add can
2023-10-06 06:58:15,195 [INFO] IPUIPlugin:80 - create IPUIPlugin
2023-10-06 06:58:15,196 [INFO] PluginManager:220 - loadIPPluginJar : add ipddr
2023-10-06 06:58:15,205 [INFO] IPUIPlugin:80 - create IPUIPlugin
2023-10-06 06:58:15,206 [INFO] PluginManager:220 - loadIPPluginJar : add i3c
2023-10-06 06:58:15,215 [INFO] IPUIPlugin:80 - create IPUIPlugin
2023-10-06 06:58:15,216 [INFO] PluginManager:220 - loadIPPluginJar : add opamp
2023-10-06 06:58:15,231 [INFO] IPUIPlugin:80 - create IPUIPlugin
2023-10-06 06:58:15,233 [INFO] PluginManager:220 - loadIPPluginJar : add freertos
2023-10-06 06:58:15,242 [INFO] IPUIPlugin:80 - create IPUIPlugin
2023-10-06 06:58:15,243 [INFO] PluginManager:220 - loadIPPluginJar : add gtzc
2023-10-06 06:58:15,253 [INFO] IPUIPlugin:80 - create IPUIPlugin
2023-10-06 06:58:15,254 [INFO] PluginManager:220 - loadIPPluginJar : add touchsensing
2023-10-06 06:58:15,263 [INFO] IPUIPlugin:80 - create IPUIPlugin
2023-10-06 06:58:15,264 [INFO] PluginManager:220 - loadIPPluginJar : add dma3
2023-10-06 06:58:15,269 [INFO] IPUIPlugin:80 - create IPUIPlugin
2023-10-06 06:58:15,270 [INFO] PluginManager:220 - loadIPPluginJar : add tsc
2023-10-06 06:58:15,277 [INFO] IPUIPlugin:80 - create IPUIPlugin
2023-10-06 06:58:15,278 [INFO] PluginManager:220 - loadIPPluginJar : add ts
2023-10-06 06:58:15,290 [INFO] IPUIPlugin:80 - create IPUIPlugin
2023-10-06 06:58:15,291 [INFO] PluginManager:220 - loadIPPluginJar : add pdm2pcm
2023-10-06 06:58:15,302 [INFO] IPUIPlugin:80 - create IPUIPlugin
2023-10-06 06:58:15,303 [INFO] PluginManager:220 - loadIPPluginJar : add nvic
2023-10-06 06:58:15,315 [INFO] IPUIPlugin:80 - create IPUIPlugin
2023-10-06 06:58:15,316 [INFO] PluginManager:220 - loadIPPluginJar : add gpio
2023-10-06 06:58:15,334 [INFO] IPUIPlugin:80 - create IPUIPlugin
2023-10-06 06:58:15,335 [INFO] PluginManager:220 - loadIPPluginJar : add dma
2023-10-06 06:58:15,340 [INFO] IPUIPlugin:80 - create IPUIPlugin
2023-10-06 06:58:15,341 [INFO] PluginManager:220 - loadIPPluginJar : add fatfs
2023-10-06 06:58:15,349 [INFO] IPUIPlugin:80 - create IPUIPlugin
2023-10-06 06:58:15,350 [INFO] PluginManager:220 - loadIPPluginJar : add spi
2023-10-06 06:58:15,355 [INFO] IPUIPlugin:80 - create IPUIPlugin
2023-10-06 06:58:15,356 [INFO] PluginManager:220 - loadIPPluginJar : add genericplugin
2023-10-06 06:58:15,365 [INFO] IPUIPlugin:80 - create IPUIPlugin
2023-10-06 06:58:15,366 [INFO] PluginManager:220 - loadIPPluginJar : add i2s
2023-10-06 06:58:15,384 [INFO] IPUIPlugin:80 - create IPUIPlugin
2023-10-06 06:58:15,396 [INFO] PluginManager:220 - loadIPPluginJar : add plateformsettings
2023-10-06 06:58:15,602 [INFO] CADModel:165 - CPN selected for project level
2023-10-06 06:58:15,603 [INFO] CADModel:114 - Register for checkConnection events
2023-10-06 06:58:15,605 [FATAL] Updater:308 - Updater called before beeing initialized
2023-10-06 06:58:15,605 [ERROR] CADModel:125 - Updater not yet initialized, retry later 
2023-10-06 06:58:15,787 [INFO] ThirdPartyUpdaterWithRetryManager:70 - Updater plugin not ready yet. [2/15]
2023-10-06 06:58:16,195 [INFO] CADModel:165 - CPN selected for project level
2023-10-06 06:58:16,195 [INFO] CADModel:114 - Register for checkConnection events
2023-10-06 06:58:16,196 [FATAL] Updater:308 - Updater called before beeing initialized
2023-10-06 06:58:16,196 [ERROR] CADModel:125 - Updater not yet initialized, retry later 
2023-10-06 06:58:16,213 [FATAL] Updater:308 - Updater called before beeing initialized
2023-10-06 06:58:16,607 [FATAL] Updater:308 - Updater called before beeing initialized
2023-10-06 06:58:16,628 [INFO] DbMcusAds:53 - JSON generation date=Tue Mar 07 03:50:55 EST 2023 (1678179055335)
2023-10-06 06:58:16,629 [FATAL] Updater:308 - Updater called before beeing initialized
2023-10-06 06:58:16,735 [WARN] DetailPanel:346 - Failed to get advertising image, set to default
2023-10-06 06:58:17,005 [FATAL] Updater:308 - Updater called before beeing initialized
2023-10-06 06:58:17,010 [FATAL] Updater:308 - Updater called before beeing initialized
2023-10-06 06:58:17,010 [FATAL] Updater:308 - Updater called before beeing initialized
2023-10-06 06:58:17,011 [WARN] DetailPanel:346 - Failed to get advertising image, set to default
2023-10-06 06:58:17,017 [FATAL] Updater:308 - Updater called before beeing initialized
2023-10-06 06:58:17,147 [ERROR] Updater:1120 - MainUpdater not yet initialized. External WinMGr cannot be set.
2023-10-06 06:58:17,154 [INFO] Updater:1056 - Updater Version found : 6.9.1
2023-10-06 06:58:17,198 [INFO] ApplicationProperties:184 - Using Application install path: /opt/st/stm32cubeide_1.13.1/plugins/com.st.stm32cube.common.mx_6.9.1.202307191849
2023-10-06 06:58:17,703 [INFO] MainUpdater:2868 - connection check result : 10
2023-10-06 06:58:17,705 [INFO] MainUpdater:285 - Updater Check For Update Now.
2023-10-06 06:58:17,706 [INFO] MicroXplorer:498 - Change Database Version : DB.6.0.91
2023-10-06 06:58:17,721 [INFO] McuFinderGlobals:63 - Set McuFinder mode to 2 (CubeIDE integrated)
2023-10-06 06:58:17,722 [INFO] UserAuth:179 - activating auth plugin
2023-10-06 06:58:17,792 [INFO] UserAuth:393 - Internet connection configuration mode: 1
2023-10-06 06:58:17,973 [INFO] JxBrowserEngine:151 - Initiate JxBrowser Engine with user profile folder
2023-10-06 06:58:18,243 [INFO] CheckServerUpdateThread:120 - End of CheckServer Thread
2023-10-06 06:58:19,406 [WARN] PackLoader:240 - Cannot read IP mode file for STMicroelectronics.X-CUBE-SMBUS.2.1.0
2023-10-06 06:58:19,691 [WARN] PackLoader:240 - Cannot read IP mode file for STMicroelectronics.X-CUBE-AZRTOS-F7.1.1.0
2023-10-06 06:58:19,794 [WARN] PackLoader:240 - Cannot read IP mode file for STMicroelectronics.FP-SNS-MOTENV1.4.3.2
2023-10-06 06:58:19,857 [WARN] PackLoader:240 - Cannot read IP mode file for STMicroelectronics.FP-SNS-FLIGHT1.5.0.2
2023-10-06 06:58:19,919 [WARN] PackLoader:240 - Cannot read IP mode file for STMicroelectronics.X-CUBE-DISPLAY.3.0.0
2023-10-06 06:58:20,019 [WARN] PackLoader:240 - Cannot read IP mode file for STMicroelectronics.X-CUBE-BLE1.7.0.0
2023-10-06 06:58:20,083 [WARN] PackLoader:240 - Cannot read IP mode file for emotas.I-CUBE-CANOPEN.1.3.0
2023-10-06 06:58:20,112 [WARN] PackLoader:240 - Cannot read IP mode file for STMicroelectronics.X-CUBE-TOUCHGFX.4.22.0
2023-10-06 06:58:20,134 [WARN] PackLoader:240 - Cannot read IP mode file for STMicroelectronics.X-CUBE-TOUCHGFX.4.22.1
2023-10-06 06:58:20,158 [WARN] PackLoader:240 - Cannot read IP mode file for STMicroelectronics.FP-SNS-SMARTAG2.1.2.0
2023-10-06 06:58:20,272 [INFO] LogOutputStream:77 - [STDOUT_REDIRECT] 1 : Invalid condition id : UX_CORESTACK_Condition cause : null
2023-10-06 06:58:20,277 [INFO] LogOutputStream:77 - [STDOUT_REDIRECT] 1 : Invalid condition id : UX_CORESTACK_Condition cause : null
2023-10-06 06:58:20,279 [INFO] LogOutputStream:77 - [STDOUT_REDIRECT] 1 : Invalid condition id : UX_CORESTACK_Condition cause : null
2023-10-06 06:58:20,283 [INFO] LogOutputStream:77 - [STDOUT_REDIRECT] 1 : Invalid condition id : UX_CORESTACK_Condition cause : null
2023-10-06 06:58:20,290 [INFO] LogOutputStream:77 - [STDOUT_REDIRECT] 1 : Invalid condition id : UX_CORESTACK_Condition cause : null
2023-10-06 06:58:20,463 [WARN] PackLoader:240 - Cannot read IP mode file for STMicroelectronics.X-CUBE-AZRTOS-WL.2.0.0
2023-10-06 06:58:20,545 [WARN] PackLoader:240 - Cannot read IP mode file for WES.I-CUBE-Cesium.1.3.0
2023-10-06 06:58:20,571 [WARN] PackLoader:240 - Cannot read IP mode file for STMicroelectronics.X-CUBE-BLE2.3.3.0
2023-10-06 06:58:20,603 [WARN] PackLoader:240 - Cannot read IP mode file for STMicroelectronics.X-CUBE-ALGOBUILD.1.3.0
2023-10-06 06:58:20,797 [WARN] PackLoader:240 - Cannot read IP mode file for STMicroelectronics.X-CUBE-AZRTOS-G0.1.1.0
2023-10-06 06:58:20,838 [WARN] PackLoader:240 - Cannot read IP mode file for STMicroelectronics.X-CUBE-NFC4.3.0.0
2023-10-06 06:58:20,878 [WARN] PackLoader:240 - Cannot read IP mode file for STMicroelectronics.FP-ATR-SIGFOX1.3.2.0
2023-10-06 06:58:21,119 [WARN] PackLoader:240 - Cannot read IP mode file for SEGGER.I-CUBE-embOS.1.3.1
2023-10-06 06:58:21,327 [WARN] PackLoader:240 - Cannot read IP mode file for STMicroelectronics.X-CUBE-GNSS1.6.0.0
2023-10-06 06:58:21,432 [WARN] PackLoader:240 - Cannot read IP mode file for STMicroelectronics.X-CUBE-AZRTOS-F4.1.1.0
2023-10-06 06:58:21,472 [WARN] PackLoader:240 - Cannot read IP mode file for wolfSSL.I-CUBE-wolfSSL.5.6.3
2023-10-06 06:58:21,550 [WARN] PackLoader:240 - Cannot read IP mode file for STMicroelectronics.X-CUBE-AZRTOS-L5.2.0.0
2023-10-06 06:58:21,893 [WARN] PackLoader:240 - Cannot read IP mode file for STMicroelectronics.X-CUBE-MEMS1.9.6.0
2023-10-06 06:58:22,865 [WARN] PackLoader:240 - Cannot read IP mode file for ITTIA_DB.I-CUBE-ITTIADB.8.8.0
2023-10-06 06:58:22,888 [WARN] PackLoader:240 - Cannot read IP mode file for STMicroelectronics.X-CUBE-BLEMGR.2.0.0
2023-10-06 06:58:22,967 [WARN] ConditionMgr:438 - getConditionDescription Invalid condition id : UX DEVICE CLASS RTOS Condition cause : null
2023-10-06 06:58:22,968 [WARN] ConditionMgr:438 - getConditionDescription Invalid condition id : UX DEVICE CLASS RTOS Condition cause : null
2023-10-06 06:58:22,986 [WARN] PackLoader:240 - Cannot read IP mode file for STMicroelectronics.X-CUBE-AZRTOS-H7.3.1.0
2023-10-06 06:58:22,991 [WARN] ConditionMgr:1039 - genDependencies : Invalid condition id : UX DEVICE CLASS RTOS Condition cause : null
2023-10-06 06:58:22,993 [WARN] ConditionMgr:1039 - genDependencies : Invalid condition id : UX DEVICE CLASS RTOS Condition cause : null
2023-10-06 06:58:22,999 [WARN] ConditionMgr:1039 - genDependencies : Invalid condition id : UX DEVICE CLASS RTOS Condition cause : null
2023-10-06 06:58:23,002 [WARN] ConditionMgr:1039 - genDependencies : Invalid condition id : UX DEVICE CLASS RTOS Condition cause : null
2023-10-06 06:58:23,003 [WARN] ConditionMgr:1039 - genDependencies : Invalid condition id : UX DEVICE CLASS RTOS Condition cause : null
2023-10-06 06:58:23,027 [WARN] PackLoader:240 - Cannot read IP mode file for STMicroelectronics.X-CUBE-NFC7.1.0.1
2023-10-06 06:58:23,056 [WARN] PackLoader:240 - Cannot read IP mode file for STMicroelectronics.X-CUBE-NFC6.3.0.0
2023-10-06 06:58:23,083 [WARN] PackLoader:240 - Cannot read IP mode file for STMicroelectronics.X-CUBE-EEPRMA1.4.1.0
2023-10-06 06:58:23,098 [WARN] PackLoader:240 - Cannot read IP mode file for STMicroelectronics.X-CUBE-AI.8.1.0
2023-10-06 06:58:23,176 [WARN] ConditionMgr:438 - getConditionDescription Invalid condition id : LAN8742 Phy interface Condition cause : null
2023-10-06 06:58:23,179 [WARN] PackLoader:240 - Cannot read IP mode file for STMicroelectronics.X-CUBE-AZRTOS-L4.2.0.0
2023-10-06 06:58:23,186 [WARN] ConditionMgr:1039 - genDependencies : Invalid condition id : LAN8742 Phy interface Condition cause : null
2023-10-06 06:58:23,187 [WARN] ConditionMgr:1039 - genDependencies : Invalid condition id : LAN8742 Phy interface Condition cause : null
2023-10-06 06:58:23,191 [WARN] ConditionMgr:1039 - genDependencies : Invalid condition id : LAN8742 Phy interface Condition cause : null
2023-10-06 06:58:23,220 [WARN] PackLoader:240 - Cannot read IP mode file for STMicroelectronics.X-CUBE-SFXS2LP1.4.0.0
2023-10-06 06:58:23,236 [WARN] PackLoader:240 - Cannot read IP mode file for STMicroelectronics.X-CUBE-ISPU.1.1.0
2023-10-06 06:58:23,294 [WARN] ConditionMgr:438 - getConditionDescription Invalid condition id : UX DEVICE CLASS RTOS Condition cause : null
2023-10-06 06:58:23,295 [WARN] ConditionMgr:438 - getConditionDescription Invalid condition id : UX DEVICE CLASS RTOS Condition cause : null
2023-10-06 06:58:23,306 [WARN] PackLoader:240 - Cannot read IP mode file for STMicroelectronics.X-CUBE-AZRTOS-WB.2.0.0
2023-10-06 06:58:23,309 [WARN] ConditionMgr:1039 - genDependencies : Invalid condition id : UX DEVICE CLASS RTOS Condition cause : null
2023-10-06 06:58:23,310 [WARN] ConditionMgr:1039 - genDependencies : Invalid condition id : UX DEVICE CLASS RTOS Condition cause : null
2023-10-06 06:58:23,313 [WARN] ConditionMgr:1039 - genDependencies : Invalid condition id : UX DEVICE CLASS RTOS Condition cause : null
2023-10-06 06:58:23,314 [WARN] ConditionMgr:1039 - genDependencies : Invalid condition id : UX DEVICE CLASS RTOS Condition cause : null
2023-10-06 06:58:23,315 [WARN] ConditionMgr:1039 - genDependencies : Invalid condition id : UX DEVICE CLASS RTOS Condition cause : null
2023-10-06 06:58:23,357 [WARN] PackLoader:240 - Cannot read IP mode file for STMicroelectronics.X-CUBE-SUBG2.5.0.0
2023-10-06 06:58:23,488 [WARN] PackLoader:240 - Cannot read IP mode file for STMicroelectronics.X-CUBE-TOF1.3.3.1
2023-10-06 06:58:23,673 [WARN] PackLoader:240 - Cannot read IP mode file for STMicroelectronics.X-CUBE-AZRTOS-G4.2.0.0
2023-10-06 06:58:23,697 [WARN] PackLoader:240 - Cannot read IP mode file for STMicroelectronics.X-CUBE-FREERTOS.1.1.0
2023-10-06 06:58:23,713 [WARN] PackLoader:240 - Cannot read IP mode file for portGmbH.I-Cube-SoM-uGOAL.1.1.0
2023-10-06 06:58:23,726 [WARN] PackLoader:240 - Cannot read IP mode file for STMicroelectronics.X-CUBE-ALS.1.0.1
2023-10-06 06:58:23,738 [WARN] PackLoader:240 - Cannot read IP mode file for STMicroelectronics.FP-ATR-ASTRA1.2.0.0
2023-10-06 06:58:23,741 [INFO] ThirdParty:978 - Integrity check success = true
2023-10-06 06:58:23,742 [INFO] IntegrityCheckThread:100 - exiting critical section [integrity check]
2023-10-06 06:58:23,742 [INFO] IntegrityCheckThread:103 - End integrity checks thread
2023-10-06 06:58:37,507 [INFO] WebApp:157 - Instantiating new browser for Auth
2023-10-06 06:58:48,609 [INFO] WebApp:753 - Register for checkConnection events
2023-10-06 06:58:48,610 [INFO] WebApp:390 - Apply proxy settings
2023-10-06 06:58:48,611 [INFO] WebApp:475 - Chromium requires no authentication
2023-10-06 06:58:48,633 [INFO] WebApp:418 - Direct internet connection detected
2023-10-06 06:58:49,063 [INFO] WebApp:188 - Starting web application
2023-10-06 06:58:49,063 [INFO] WebApp:520 - Web application path used /opt/st/stm32cubeide_1.13.1/plugins/com.st.stm32cube.common.mx_6.9.1.202307191849/db/plugins/mcufinder/reactClient1/index.html
2023-10-06 06:59:06,997 [ERROR] LogOutputStream:75 - [STDERR_REDIRECT] 
